{"/Users/medelman/GitHub/fortai-legal/duedue.io/packages/ui/postcss.config.mjs": {"path":"/Users/medelman/GitHub/fortai-legal/duedue.io/packages/ui/postcss.config.mjs","statementMap":{"0":{"start":{"line":1,"column":15},"end":{"line":5,"column":1}}},"fnMap":{},"branchMap":{},"s":{"0":0},"f":{},"b":{}}
,"/Users/medelman/GitHub/fortai-legal/duedue.io/packages/ui/src/button.tsx": {"path":"/Users/medelman/GitHub/fortai-legal/duedue.io/packages/ui/src/button.tsx","statementMap":{"0":{"start":{"line":11,"column":22},"end":{"line":21,"column":null}},"1":{"start":{"line":12,"column":2},"end":{"line":19,"column":null}},"2":{"start":{"line":16,"column":21},"end":{"line":16,"column":null}}},"fnMap":{"0":{"name":"(anonymous_0)","decl":{"start":{"line":11,"column":22},"end":{"line":11,"column":23}},"loc":{"start":{"line":11,"column":73},"end":{"line":21,"column":null}}},"1":{"name":"(anonymous_1)","decl":{"start":{"line":16,"column":15},"end":{"line":16,"column":21}},"loc":{"start":{"line":16,"column":21},"end":{"line":16,"column":null}}}},"branchMap":{},"s":{"0":0,"1":0,"2":0},"f":{"0":0,"1":0},"b":{}}
,"/Users/medelman/GitHub/fortai-legal/duedue.io/packages/ui/src/card.tsx": {"path":"/Users/medelman/GitHub/fortai-legal/duedue.io/packages/ui/src/card.tsx","statementMap":{"0":{"start":{"line":14,"column":2},"end":{"line":25,"column":null}}},"fnMap":{"0":{"name":"Card","decl":{"start":{"line":3,"column":16},"end":{"line":3,"column":21}},"loc":{"start":{"line":13,"column":16},"end":{"line":27,"column":null}}}},"branchMap":{},"s":{"0":0},"f":{"0":0},"b":{}}
,"/Users/medelman/GitHub/fortai-legal/duedue.io/packages/ui/src/code.tsx": {"path":"/Users/medelman/GitHub/fortai-legal/duedue.io/packages/ui/src/code.tsx","statementMap":{"0":{"start":{"line":10,"column":2},"end":{"line":10,"column":null}}},"fnMap":{"0":{"name":"Code","decl":{"start":{"line":3,"column":16},"end":{"line":3,"column":21}},"loc":{"start":{"line":9,"column":16},"end":{"line":11,"column":null}}}},"branchMap":{},"s":{"0":0},"f":{"0":0},"b":{}}
,"/Users/medelman/GitHub/fortai-legal/duedue.io/packages/ui/src/components/button.tsx": {"path":"/Users/medelman/GitHub/fortai-legal/duedue.io/packages/ui/src/components/button.tsx","statementMap":{"0":{"start":{"line":7,"column":23},"end":{"line":35,"column":null}},"1":{"start":{"line":47,"column":15},"end":{"line":47,"column":null}},"2":{"start":{"line":49,"column":2},"end":{"line":54,"column":null}}},"fnMap":{"0":{"name":"Button","decl":{"start":{"line":37,"column":9},"end":{"line":37,"column":16}},"loc":{"start":{"line":46,"column":5},"end":{"line":56,"column":null}}}},"branchMap":{"0":{"loc":{"start":{"line":41,"column":2},"end":{"line":41,"column":null}},"type":"default-arg","locations":[{"start":{"line":41,"column":12},"end":{"line":41,"column":null}}]},"1":{"loc":{"start":{"line":47,"column":15},"end":{"line":47,"column":null}},"type":"cond-expr","locations":[{"start":{"line":47,"column":25},"end":{"line":47,"column":32}},{"start":{"line":47,"column":32},"end":{"line":47,"column":null}}]}},"s":{"0":0,"1":0,"2":0},"f":{"0":0},"b":{"0":[0],"1":[0,0]}}
,"/Users/medelman/GitHub/fortai-legal/duedue.io/packages/ui/src/lib/utils.ts": {"path":"/Users/medelman/GitHub/fortai-legal/duedue.io/packages/ui/src/lib/utils.ts","statementMap":{"0":{"start":{"line":5,"column":2},"end":{"line":5,"column":null}}},"fnMap":{"0":{"name":"cn","decl":{"start":{"line":4,"column":16},"end":{"line":4,"column":22}},"loc":{"start":{"line":4,"column":44},"end":{"line":6,"column":null}}}},"branchMap":{},"s":{"0":0},"f":{"0":0},"b":{}}
,"/Users/medelman/GitHub/fortai-legal/duedue.io/packages/ui/turbo/generators/config.ts": {"path":"/Users/medelman/GitHub/fortai-legal/duedue.io/packages/ui/turbo/generators/config.ts","statementMap":{"0":{"start":{"line":7,"column":2},"end":{"line":29,"column":null}}},"fnMap":{"0":{"name":"generator","decl":{"start":{"line":5,"column":24},"end":{"line":5,"column":34}},"loc":{"start":{"line":5,"column":69},"end":{"line":30,"column":null}}}},"branchMap":{},"s":{"0":0},"f":{"0":0},"b":{}}
}
